<?xml version="1.0" encoding="UTF-8"?>
<!-- Generated by org.testng.reporters.JUnitXMLReporter -->
<testsuite ignored="1" hostname="DESKTOP-0H6G18U" failures="0" tests="2" name="Test" time="0.052" errors="0" timestamp="2020-08-19T13:45:06 EDT">
  <testcase classname="com.TestNG.DependsUponGroup" name="testcase2" time="0.008"/>
  <testcase classname="com.TestNG.DependsUponGroup" name="testcase3" time="0.001"/>
  <testcase classname="com.TestNG.DependsUponGroup" name="testcase1" time="0.0">
    <ignored/>
  </testcase> <!-- testcase1 -->
</testsuite> <!-- Test -->
