<?xml version="1.0" encoding="UTF-8"?>
<!-- Generated by org.testng.reporters.JUnitXMLReporter -->
<testsuite ignored="0" hostname="DESKTOP-0H6G18U" failures="0" tests="6" name="Test" time="0.155" errors="0" timestamp="2020-08-18T13:22:52 EDT">
  <testcase classname="com.TestNG.ParallelExecution" name="testcase1" time="0.029"/>
  <testcase classname="com.TestNG.ParallelExecution1" name="testcase4" time="0.029"/>
  <testcase classname="com.TestNG.ParallelExecution" name="testcase2" time="0.001"/>
  <testcase classname="com.TestNG.ParallelExecution1" name="testcase5" time="0.003"/>
  <testcase classname="com.TestNG.ParallelExecution" name="testcase3" time="0.003"/>
  <testcase classname="com.TestNG.ParallelExecution1" name="testcase6" time="0.002"/>
</testsuite> <!-- Test -->
